[22:42:17] [main/INFO]: Setting user: Player917
[22:42:18] [Client thread/INFO]: LWJGL Version: 2.9.1
[22:42:22] [Client thread/INFO]: Reloading ResourceManager: Default, FMLFileResourcePack:Forge Mod Loader, FMLFileResourcePack:Minecraft Forge, FMLFileResourcePack:Mine Hr
[22:42:23] [Sound Library Loader/INFO]: Sound engine started
[22:42:23] [Client thread/ERROR]: Using missing texture, unable to load minecraft:textures/blocks/MISSING_ICON_BLOCK_205_OilLampOn.png
java.io.FileNotFoundException: minecraft:textures/blocks/MISSING_ICON_BLOCK_205_OilLampOn.png
	at net.minecraft.client.resources.FallbackResourceManager.getResource(FallbackResourceManager.java:65) ~[FallbackResourceManager.class:?]
	at net.minecraft.client.resources.SimpleReloadableResourceManager.getResource(SimpleReloadableResourceManager.java:67) ~[SimpleReloadableResourceManager.class:?]
	at net.minecraft.client.renderer.texture.TextureMap.loadTextureAtlas(TextureMap.java:126) [TextureMap.class:?]
	at net.minecraft.client.renderer.texture.TextureMap.loadTexture(TextureMap.java:91) [TextureMap.class:?]
	at net.minecraft.client.renderer.texture.TextureManager.loadTexture(TextureManager.java:89) [TextureManager.class:?]
	at net.minecraft.client.renderer.texture.TextureManager.loadTickableTexture(TextureManager.java:71) [TextureManager.class:?]
	at net.minecraft.client.renderer.texture.TextureManager.loadTextureMap(TextureManager.java:58) [TextureManager.class:?]
	at net.minecraft.client.Minecraft.startGame(Minecraft.java:582) [Minecraft.class:?]
	at net.minecraft.client.Minecraft.run(Minecraft.java:931) [Minecraft.class:?]
	at net.minecraft.client.main.Main.main(Main.java:164) [Main.class:?]
	at sun.reflect.NativeMethodAccessorImpl.invoke0(Native Method) ~[?:1.8.0_11]
	at sun.reflect.NativeMethodAccessorImpl.invoke(NativeMethodAccessorImpl.java:62) ~[?:1.8.0_11]
	at sun.reflect.DelegatingMethodAccessorImpl.invoke(DelegatingMethodAccessorImpl.java:43) ~[?:1.8.0_11]
	at java.lang.reflect.Method.invoke(Method.java:483) ~[?:1.8.0_11]
	at net.minecraft.launchwrapper.Launch.launch(Launch.java:135) [launchwrapper-1.11.jar:?]
	at net.minecraft.launchwrapper.Launch.main(Launch.java:28) [launchwrapper-1.11.jar:?]
	at sun.reflect.NativeMethodAccessorImpl.invoke0(Native Method) ~[?:1.8.0_11]
	at sun.reflect.NativeMethodAccessorImpl.invoke(NativeMethodAccessorImpl.java:62) ~[?:1.8.0_11]
	at sun.reflect.DelegatingMethodAccessorImpl.invoke(DelegatingMethodAccessorImpl.java:43) ~[?:1.8.0_11]
	at java.lang.reflect.Method.invoke(Method.java:483) ~[?:1.8.0_11]
	at GradleStart.bounce(GradleStart.java:107) [start/:?]
	at GradleStart.startClient(GradleStart.java:100) [start/:?]
	at GradleStart.main(GradleStart.java:55) [start/:?]
	at sun.reflect.NativeMethodAccessorImpl.invoke0(Native Method) ~[?:1.8.0_11]
	at sun.reflect.NativeMethodAccessorImpl.invoke(NativeMethodAccessorImpl.java:62) ~[?:1.8.0_11]
	at sun.reflect.DelegatingMethodAccessorImpl.invoke(DelegatingMethodAccessorImpl.java:43) ~[?:1.8.0_11]
	at java.lang.reflect.Method.invoke(Method.java:483) ~[?:1.8.0_11]
	at com.intellij.rt.execution.application.AppMain.main(AppMain.java:134) [idea_rt.jar:?]
[22:42:23] [Client thread/ERROR]: Using missing texture, unable to load minehr:textures/blocks/LogRubberTop.png
java.io.FileNotFoundException: minehr:textures/blocks/LogRubberTop.png
	at net.minecraft.client.resources.FallbackResourceManager.getResource(FallbackResourceManager.java:65) ~[FallbackResourceManager.class:?]
	at net.minecraft.client.resources.SimpleReloadableResourceManager.getResource(SimpleReloadableResourceManager.java:67) ~[SimpleReloadableResourceManager.class:?]
	at net.minecraft.client.renderer.texture.TextureMap.loadTextureAtlas(TextureMap.java:126) [TextureMap.class:?]
	at net.minecraft.client.renderer.texture.TextureMap.loadTexture(TextureMap.java:91) [TextureMap.class:?]
	at net.minecraft.client.renderer.texture.TextureManager.loadTexture(TextureManager.java:89) [TextureManager.class:?]
	at net.minecraft.client.renderer.texture.TextureManager.loadTickableTexture(TextureManager.java:71) [TextureManager.class:?]
	at net.minecraft.client.renderer.texture.TextureManager.loadTextureMap(TextureManager.java:58) [TextureManager.class:?]
	at net.minecraft.client.Minecraft.startGame(Minecraft.java:582) [Minecraft.class:?]
	at net.minecraft.client.Minecraft.run(Minecraft.java:931) [Minecraft.class:?]
	at net.minecraft.client.main.Main.main(Main.java:164) [Main.class:?]
	at sun.reflect.NativeMethodAccessorImpl.invoke0(Native Method) ~[?:1.8.0_11]
	at sun.reflect.NativeMethodAccessorImpl.invoke(NativeMethodAccessorImpl.java:62) ~[?:1.8.0_11]
	at sun.reflect.DelegatingMethodAccessorImpl.invoke(DelegatingMethodAccessorImpl.java:43) ~[?:1.8.0_11]
	at java.lang.reflect.Method.invoke(Method.java:483) ~[?:1.8.0_11]
	at net.minecraft.launchwrapper.Launch.launch(Launch.java:135) [launchwrapper-1.11.jar:?]
	at net.minecraft.launchwrapper.Launch.main(Launch.java:28) [launchwrapper-1.11.jar:?]
	at sun.reflect.NativeMethodAccessorImpl.invoke0(Native Method) ~[?:1.8.0_11]
	at sun.reflect.NativeMethodAccessorImpl.invoke(NativeMethodAccessorImpl.java:62) ~[?:1.8.0_11]
	at sun.reflect.DelegatingMethodAccessorImpl.invoke(DelegatingMethodAccessorImpl.java:43) ~[?:1.8.0_11]
	at java.lang.reflect.Method.invoke(Method.java:483) ~[?:1.8.0_11]
	at GradleStart.bounce(GradleStart.java:107) [start/:?]
	at GradleStart.startClient(GradleStart.java:100) [start/:?]
	at GradleStart.main(GradleStart.java:55) [start/:?]
	at sun.reflect.NativeMethodAccessorImpl.invoke0(Native Method) ~[?:1.8.0_11]
	at sun.reflect.NativeMethodAccessorImpl.invoke(NativeMethodAccessorImpl.java:62) ~[?:1.8.0_11]
	at sun.reflect.DelegatingMethodAccessorImpl.invoke(DelegatingMethodAccessorImpl.java:43) ~[?:1.8.0_11]
	at java.lang.reflect.Method.invoke(Method.java:483) ~[?:1.8.0_11]
	at com.intellij.rt.execution.application.AppMain.main(AppMain.java:134) [idea_rt.jar:?]
[22:42:23] [Client thread/ERROR]: Using missing texture, unable to load minehr:textures/blocks/LeafRubber.png
java.io.FileNotFoundException: minehr:textures/blocks/LeafRubber.png
	at net.minecraft.client.resources.FallbackResourceManager.getResource(FallbackResourceManager.java:65) ~[FallbackResourceManager.class:?]
	at net.minecraft.client.resources.SimpleReloadableResourceManager.getResource(SimpleReloadableResourceManager.java:67) ~[SimpleReloadableResourceManager.class:?]
	at net.minecraft.client.renderer.texture.TextureMap.loadTextureAtlas(TextureMap.java:126) [TextureMap.class:?]
	at net.minecraft.client.renderer.texture.TextureMap.loadTexture(TextureMap.java:91) [TextureMap.class:?]
	at net.minecraft.client.renderer.texture.TextureManager.loadTexture(TextureManager.java:89) [TextureManager.class:?]
	at net.minecraft.client.renderer.texture.TextureManager.loadTickableTexture(TextureManager.java:71) [TextureManager.class:?]
	at net.minecraft.client.renderer.texture.TextureManager.loadTextureMap(TextureManager.java:58) [TextureManager.class:?]
	at net.minecraft.client.Minecraft.startGame(Minecraft.java:582) [Minecraft.class:?]
	at net.minecraft.client.Minecraft.run(Minecraft.java:931) [Minecraft.class:?]
	at net.minecraft.client.main.Main.main(Main.java:164) [Main.class:?]
	at sun.reflect.NativeMethodAccessorImpl.invoke0(Native Method) ~[?:1.8.0_11]
	at sun.reflect.NativeMethodAccessorImpl.invoke(NativeMethodAccessorImpl.java:62) ~[?:1.8.0_11]
	at sun.reflect.DelegatingMethodAccessorImpl.invoke(DelegatingMethodAccessorImpl.java:43) ~[?:1.8.0_11]
	at java.lang.reflect.Method.invoke(Method.java:483) ~[?:1.8.0_11]
	at net.minecraft.launchwrapper.Launch.launch(Launch.java:135) [launchwrapper-1.11.jar:?]
	at net.minecraft.launchwrapper.Launch.main(Launch.java:28) [launchwrapper-1.11.jar:?]
	at sun.reflect.NativeMethodAccessorImpl.invoke0(Native Method) ~[?:1.8.0_11]
	at sun.reflect.NativeMethodAccessorImpl.invoke(NativeMethodAccessorImpl.java:62) ~[?:1.8.0_11]
	at sun.reflect.DelegatingMethodAccessorImpl.invoke(DelegatingMethodAccessorImpl.java:43) ~[?:1.8.0_11]
	at java.lang.reflect.Method.invoke(Method.java:483) ~[?:1.8.0_11]
	at GradleStart.bounce(GradleStart.java:107) [start/:?]
	at GradleStart.startClient(GradleStart.java:100) [start/:?]
	at GradleStart.main(GradleStart.java:55) [start/:?]
	at sun.reflect.NativeMethodAccessorImpl.invoke0(Native Method) ~[?:1.8.0_11]
	at sun.reflect.NativeMethodAccessorImpl.invoke(NativeMethodAccessorImpl.java:62) ~[?:1.8.0_11]
	at sun.reflect.DelegatingMethodAccessorImpl.invoke(DelegatingMethodAccessorImpl.java:43) ~[?:1.8.0_11]
	at java.lang.reflect.Method.invoke(Method.java:483) ~[?:1.8.0_11]
	at com.intellij.rt.execution.application.AppMain.main(AppMain.java:134) [idea_rt.jar:?]
[22:42:23] [Client thread/ERROR]: Using missing texture, unable to load minecraft:textures/blocks/MISSING_ICON_BLOCK_206_OilLampOff.png
java.io.FileNotFoundException: minecraft:textures/blocks/MISSING_ICON_BLOCK_206_OilLampOff.png
	at net.minecraft.client.resources.FallbackResourceManager.getResource(FallbackResourceManager.java:65) ~[FallbackResourceManager.class:?]
	at net.minecraft.client.resources.SimpleReloadableResourceManager.getResource(SimpleReloadableResourceManager.java:67) ~[SimpleReloadableResourceManager.class:?]
	at net.minecraft.client.renderer.texture.TextureMap.loadTextureAtlas(TextureMap.java:126) [TextureMap.class:?]
	at net.minecraft.client.renderer.texture.TextureMap.loadTexture(TextureMap.java:91) [TextureMap.class:?]
	at net.minecraft.client.renderer.texture.TextureManager.loadTexture(TextureManager.java:89) [TextureManager.class:?]
	at net.minecraft.client.renderer.texture.TextureManager.loadTickableTexture(TextureManager.java:71) [TextureManager.class:?]
	at net.minecraft.client.renderer.texture.TextureManager.loadTextureMap(TextureManager.java:58) [TextureManager.class:?]
	at net.minecraft.client.Minecraft.startGame(Minecraft.java:582) [Minecraft.class:?]
	at net.minecraft.client.Minecraft.run(Minecraft.java:931) [Minecraft.class:?]
	at net.minecraft.client.main.Main.main(Main.java:164) [Main.class:?]
	at sun.reflect.NativeMethodAccessorImpl.invoke0(Native Method) ~[?:1.8.0_11]
	at sun.reflect.NativeMethodAccessorImpl.invoke(NativeMethodAccessorImpl.java:62) ~[?:1.8.0_11]
	at sun.reflect.DelegatingMethodAccessorImpl.invoke(DelegatingMethodAccessorImpl.java:43) ~[?:1.8.0_11]
	at java.lang.reflect.Method.invoke(Method.java:483) ~[?:1.8.0_11]
	at net.minecraft.launchwrapper.Launch.launch(Launch.java:135) [launchwrapper-1.11.jar:?]
	at net.minecraft.launchwrapper.Launch.main(Launch.java:28) [launchwrapper-1.11.jar:?]
	at sun.reflect.NativeMethodAccessorImpl.invoke0(Native Method) ~[?:1.8.0_11]
	at sun.reflect.NativeMethodAccessorImpl.invoke(NativeMethodAccessorImpl.java:62) ~[?:1.8.0_11]
	at sun.reflect.DelegatingMethodAccessorImpl.invoke(DelegatingMethodAccessorImpl.java:43) ~[?:1.8.0_11]
	at java.lang.reflect.Method.invoke(Method.java:483) ~[?:1.8.0_11]
	at GradleStart.bounce(GradleStart.java:107) [start/:?]
	at GradleStart.startClient(GradleStart.java:100) [start/:?]
	at GradleStart.main(GradleStart.java:55) [start/:?]
	at sun.reflect.NativeMethodAccessorImpl.invoke0(Native Method) ~[?:1.8.0_11]
	at sun.reflect.NativeMethodAccessorImpl.invoke(NativeMethodAccessorImpl.java:62) ~[?:1.8.0_11]
	at sun.reflect.DelegatingMethodAccessorImpl.invoke(DelegatingMethodAccessorImpl.java:43) ~[?:1.8.0_11]
	at java.lang.reflect.Method.invoke(Method.java:483) ~[?:1.8.0_11]
	at com.intellij.rt.execution.application.AppMain.main(AppMain.java:134) [idea_rt.jar:?]
[22:42:23] [Client thread/ERROR]: Using missing texture, unable to load minehr:textures/blocks/LeafRubberOpaque.png
java.io.FileNotFoundException: minehr:textures/blocks/LeafRubberOpaque.png
	at net.minecraft.client.resources.FallbackResourceManager.getResource(FallbackResourceManager.java:65) ~[FallbackResourceManager.class:?]
	at net.minecraft.client.resources.SimpleReloadableResourceManager.getResource(SimpleReloadableResourceManager.java:67) ~[SimpleReloadableResourceManager.class:?]
	at net.minecraft.client.renderer.texture.TextureMap.loadTextureAtlas(TextureMap.java:126) [TextureMap.class:?]
	at net.minecraft.client.renderer.texture.TextureMap.loadTexture(TextureMap.java:91) [TextureMap.class:?]
	at net.minecraft.client.renderer.texture.TextureManager.loadTexture(TextureManager.java:89) [TextureManager.class:?]
	at net.minecraft.client.renderer.texture.TextureManager.loadTickableTexture(TextureManager.java:71) [TextureManager.class:?]
	at net.minecraft.client.renderer.texture.TextureManager.loadTextureMap(TextureManager.java:58) [TextureManager.class:?]
	at net.minecraft.client.Minecraft.startGame(Minecraft.java:582) [Minecraft.class:?]
	at net.minecraft.client.Minecraft.run(Minecraft.java:931) [Minecraft.class:?]
	at net.minecraft.client.main.Main.main(Main.java:164) [Main.class:?]
	at sun.reflect.NativeMethodAccessorImpl.invoke0(Native Method) ~[?:1.8.0_11]
	at sun.reflect.NativeMethodAccessorImpl.invoke(NativeMethodAccessorImpl.java:62) ~[?:1.8.0_11]
	at sun.reflect.DelegatingMethodAccessorImpl.invoke(DelegatingMethodAccessorImpl.java:43) ~[?:1.8.0_11]
	at java.lang.reflect.Method.invoke(Method.java:483) ~[?:1.8.0_11]
	at net.minecraft.launchwrapper.Launch.launch(Launch.java:135) [launchwrapper-1.11.jar:?]
	at net.minecraft.launchwrapper.Launch.main(Launch.java:28) [launchwrapper-1.11.jar:?]
	at sun.reflect.NativeMethodAccessorImpl.invoke0(Native Method) ~[?:1.8.0_11]
	at sun.reflect.NativeMethodAccessorImpl.invoke(NativeMethodAccessorImpl.java:62) ~[?:1.8.0_11]
	at sun.reflect.DelegatingMethodAccessorImpl.invoke(DelegatingMethodAccessorImpl.java:43) ~[?:1.8.0_11]
	at java.lang.reflect.Method.invoke(Method.java:483) ~[?:1.8.0_11]
	at GradleStart.bounce(GradleStart.java:107) [start/:?]
	at GradleStart.startClient(GradleStart.java:100) [start/:?]
	at GradleStart.main(GradleStart.java:55) [start/:?]
	at sun.reflect.NativeMethodAccessorImpl.invoke0(Native Method) ~[?:1.8.0_11]
	at sun.reflect.NativeMethodAccessorImpl.invoke(NativeMethodAccessorImpl.java:62) ~[?:1.8.0_11]
	at sun.reflect.DelegatingMethodAccessorImpl.invoke(DelegatingMethodAccessorImpl.java:43) ~[?:1.8.0_11]
	at java.lang.reflect.Method.invoke(Method.java:483) ~[?:1.8.0_11]
	at com.intellij.rt.execution.application.AppMain.main(AppMain.java:134) [idea_rt.jar:?]
[22:42:23] [Client thread/ERROR]: Using missing texture, unable to load minehr:textures/blocks/LogRubber.png
java.io.FileNotFoundException: minehr:textures/blocks/LogRubber.png
	at net.minecraft.client.resources.FallbackResourceManager.getResource(FallbackResourceManager.java:65) ~[FallbackResourceManager.class:?]
	at net.minecraft.client.resources.SimpleReloadableResourceManager.getResource(SimpleReloadableResourceManager.java:67) ~[SimpleReloadableResourceManager.class:?]
	at net.minecraft.client.renderer.texture.TextureMap.loadTextureAtlas(TextureMap.java:126) [TextureMap.class:?]
	at net.minecraft.client.renderer.texture.TextureMap.loadTexture(TextureMap.java:91) [TextureMap.class:?]
	at net.minecraft.client.renderer.texture.TextureManager.loadTexture(TextureManager.java:89) [TextureManager.class:?]
	at net.minecraft.client.renderer.texture.TextureManager.loadTickableTexture(TextureManager.java:71) [TextureManager.class:?]
	at net.minecraft.client.renderer.texture.TextureManager.loadTextureMap(TextureManager.java:58) [TextureManager.class:?]
	at net.minecraft.client.Minecraft.startGame(Minecraft.java:582) [Minecraft.class:?]
	at net.minecraft.client.Minecraft.run(Minecraft.java:931) [Minecraft.class:?]
	at net.minecraft.client.main.Main.main(Main.java:164) [Main.class:?]
	at sun.reflect.NativeMethodAccessorImpl.invoke0(Native Method) ~[?:1.8.0_11]
	at sun.reflect.NativeMethodAccessorImpl.invoke(NativeMethodAccessorImpl.java:62) ~[?:1.8.0_11]
	at sun.reflect.DelegatingMethodAccessorImpl.invoke(DelegatingMethodAccessorImpl.java:43) ~[?:1.8.0_11]
	at java.lang.reflect.Method.invoke(Method.java:483) ~[?:1.8.0_11]
	at net.minecraft.launchwrapper.Launch.launch(Launch.java:135) [launchwrapper-1.11.jar:?]
	at net.minecraft.launchwrapper.Launch.main(Launch.java:28) [launchwrapper-1.11.jar:?]
	at sun.reflect.NativeMethodAccessorImpl.invoke0(Native Method) ~[?:1.8.0_11]
	at sun.reflect.NativeMethodAccessorImpl.invoke(NativeMethodAccessorImpl.java:62) ~[?:1.8.0_11]
	at sun.reflect.DelegatingMethodAccessorImpl.invoke(DelegatingMethodAccessorImpl.java:43) ~[?:1.8.0_11]
	at java.lang.reflect.Method.invoke(Method.java:483) ~[?:1.8.0_11]
	at GradleStart.bounce(GradleStart.java:107) [start/:?]
	at GradleStart.startClient(GradleStart.java:100) [start/:?]
	at GradleStart.main(GradleStart.java:55) [start/:?]
	at sun.reflect.NativeMethodAccessorImpl.invoke0(Native Method) ~[?:1.8.0_11]
	at sun.reflect.NativeMethodAccessorImpl.invoke(NativeMethodAccessorImpl.java:62) ~[?:1.8.0_11]
	at sun.reflect.DelegatingMethodAccessorImpl.invoke(DelegatingMethodAccessorImpl.java:43) ~[?:1.8.0_11]
	at java.lang.reflect.Method.invoke(Method.java:483) ~[?:1.8.0_11]
	at com.intellij.rt.execution.application.AppMain.main(AppMain.java:134) [idea_rt.jar:?]
[22:42:23] [Client thread/ERROR]: Using missing texture, unable to load minehr:textures/blocks/SaplingRubber.png
java.io.FileNotFoundException: minehr:textures/blocks/SaplingRubber.png
	at net.minecraft.client.resources.FallbackResourceManager.getResource(FallbackResourceManager.java:65) ~[FallbackResourceManager.class:?]
	at net.minecraft.client.resources.SimpleReloadableResourceManager.getResource(SimpleReloadableResourceManager.java:67) ~[SimpleReloadableResourceManager.class:?]
	at net.minecraft.client.renderer.texture.TextureMap.loadTextureAtlas(TextureMap.java:126) [TextureMap.class:?]
	at net.minecraft.client.renderer.texture.TextureMap.loadTexture(TextureMap.java:91) [TextureMap.class:?]
	at net.minecraft.client.renderer.texture.TextureManager.loadTexture(TextureManager.java:89) [TextureManager.class:?]
	at net.minecraft.client.renderer.texture.TextureManager.loadTickableTexture(TextureManager.java:71) [TextureManager.class:?]
	at net.minecraft.client.renderer.texture.TextureManager.loadTextureMap(TextureManager.java:58) [TextureManager.class:?]
	at net.minecraft.client.Minecraft.startGame(Minecraft.java:582) [Minecraft.class:?]
	at net.minecraft.client.Minecraft.run(Minecraft.java:931) [Minecraft.class:?]
	at net.minecraft.client.main.Main.main(Main.java:164) [Main.class:?]
	at sun.reflect.NativeMethodAccessorImpl.invoke0(Native Method) ~[?:1.8.0_11]
	at sun.reflect.NativeMethodAccessorImpl.invoke(NativeMethodAccessorImpl.java:62) ~[?:1.8.0_11]
	at sun.reflect.DelegatingMethodAccessorImpl.invoke(DelegatingMethodAccessorImpl.java:43) ~[?:1.8.0_11]
	at java.lang.reflect.Method.invoke(Method.java:483) ~[?:1.8.0_11]
	at net.minecraft.launchwrapper.Launch.launch(Launch.java:135) [launchwrapper-1.11.jar:?]
	at net.minecraft.launchwrapper.Launch.main(Launch.java:28) [launchwrapper-1.11.jar:?]
	at sun.reflect.NativeMethodAccessorImpl.invoke0(Native Method) ~[?:1.8.0_11]
	at sun.reflect.NativeMethodAccessorImpl.invoke(NativeMethodAccessorImpl.java:62) ~[?:1.8.0_11]
	at sun.reflect.DelegatingMethodAccessorImpl.invoke(DelegatingMethodAccessorImpl.java:43) ~[?:1.8.0_11]
	at java.lang.reflect.Method.invoke(Method.java:483) ~[?:1.8.0_11]
	at GradleStart.bounce(GradleStart.java:107) [start/:?]
	at GradleStart.startClient(GradleStart.java:100) [start/:?]
	at GradleStart.main(GradleStart.java:55) [start/:?]
	at sun.reflect.NativeMethodAccessorImpl.invoke0(Native Method) ~[?:1.8.0_11]
	at sun.reflect.NativeMethodAccessorImpl.invoke(NativeMethodAccessorImpl.java:62) ~[?:1.8.0_11]
	at sun.reflect.DelegatingMethodAccessorImpl.invoke(DelegatingMethodAccessorImpl.java:43) ~[?:1.8.0_11]
	at java.lang.reflect.Method.invoke(Method.java:483) ~[?:1.8.0_11]
	at com.intellij.rt.execution.application.AppMain.main(AppMain.java:134) [idea_rt.jar:?]
[22:42:23] [Client thread/INFO]: Created: 512x256 textures/blocks-atlas
[22:42:23] [Client thread/ERROR]: Unable to parse metadata from minehr:textures/items/LobsterMeal.png
java.lang.RuntimeException: broken aspect ratio and not an animation
	at net.minecraft.client.renderer.texture.TextureAtlasSprite.loadSprite(TextureAtlasSprite.java:245) ~[TextureAtlasSprite.class:?]
	at net.minecraft.client.renderer.texture.TextureMap.loadTextureAtlas(TextureMap.java:170) [TextureMap.class:?]
	at net.minecraft.client.renderer.texture.TextureMap.loadTexture(TextureMap.java:91) [TextureMap.class:?]
	at net.minecraft.client.renderer.texture.TextureManager.loadTexture(TextureManager.java:89) [TextureManager.class:?]
	at net.minecraft.client.renderer.texture.TextureManager.loadTickableTexture(TextureManager.java:71) [TextureManager.class:?]
	at net.minecraft.client.renderer.texture.TextureManager.loadTextureMap(TextureManager.java:58) [TextureManager.class:?]
	at net.minecraft.client.Minecraft.startGame(Minecraft.java:583) [Minecraft.class:?]
	at net.minecraft.client.Minecraft.run(Minecraft.java:931) [Minecraft.class:?]
	at net.minecraft.client.main.Main.main(Main.java:164) [Main.class:?]
	at sun.reflect.NativeMethodAccessorImpl.invoke0(Native Method) ~[?:1.8.0_11]
	at sun.reflect.NativeMethodAccessorImpl.invoke(NativeMethodAccessorImpl.java:62) ~[?:1.8.0_11]
	at sun.reflect.DelegatingMethodAccessorImpl.invoke(DelegatingMethodAccessorImpl.java:43) ~[?:1.8.0_11]
	at java.lang.reflect.Method.invoke(Method.java:483) ~[?:1.8.0_11]
	at net.minecraft.launchwrapper.Launch.launch(Launch.java:135) [launchwrapper-1.11.jar:?]
	at net.minecraft.launchwrapper.Launch.main(Launch.java:28) [launchwrapper-1.11.jar:?]
	at sun.reflect.NativeMethodAccessorImpl.invoke0(Native Method) ~[?:1.8.0_11]
	at sun.reflect.NativeMethodAccessorImpl.invoke(NativeMethodAccessorImpl.java:62) ~[?:1.8.0_11]
	at sun.reflect.DelegatingMethodAccessorImpl.invoke(DelegatingMethodAccessorImpl.java:43) ~[?:1.8.0_11]
	at java.lang.reflect.Method.invoke(Method.java:483) ~[?:1.8.0_11]
	at GradleStart.bounce(GradleStart.java:107) [start/:?]
	at GradleStart.startClient(GradleStart.java:100) [start/:?]
	at GradleStart.main(GradleStart.java:55) [start/:?]
	at sun.reflect.NativeMethodAccessorImpl.invoke0(Native Method) ~[?:1.8.0_11]
	at sun.reflect.NativeMethodAccessorImpl.invoke(NativeMethodAccessorImpl.java:62) ~[?:1.8.0_11]
	at sun.reflect.DelegatingMethodAccessorImpl.invoke(DelegatingMethodAccessorImpl.java:43) ~[?:1.8.0_11]
	at java.lang.reflect.Method.invoke(Method.java:483) ~[?:1.8.0_11]
	at com.intellij.rt.execution.application.AppMain.main(AppMain.java:134) [idea_rt.jar:?]
[22:42:23] [Client thread/INFO]: Created: 512x256 textures/items-atlas
[22:42:23] [Client thread/INFO]: Reloading ResourceManager: Default, FMLFileResourcePack:Forge Mod Loader, FMLFileResourcePack:Minecraft Forge, FMLFileResourcePack:Mine Hr
[22:42:24] [Client thread/ERROR]: Using missing texture, unable to load minecraft:textures/blocks/MISSING_ICON_BLOCK_205_OilLampOn.png
java.io.FileNotFoundException: minecraft:textures/blocks/MISSING_ICON_BLOCK_205_OilLampOn.png
	at net.minecraft.client.resources.FallbackResourceManager.getResource(FallbackResourceManager.java:65) ~[FallbackResourceManager.class:?]
	at net.minecraft.client.resources.SimpleReloadableResourceManager.getResource(SimpleReloadableResourceManager.java:67) ~[SimpleReloadableResourceManager.class:?]
	at net.minecraft.client.renderer.texture.TextureMap.loadTextureAtlas(TextureMap.java:126) [TextureMap.class:?]
	at net.minecraft.client.renderer.texture.TextureMap.loadTexture(TextureMap.java:91) [TextureMap.class:?]
	at net.minecraft.client.renderer.texture.TextureManager.loadTexture(TextureManager.java:89) [TextureManager.class:?]
	at net.minecraft.client.renderer.texture.TextureManager.onResourceManagerReload(TextureManager.java:170) [TextureManager.class:?]
	at net.minecraft.client.resources.SimpleReloadableResourceManager.notifyReloadListeners(SimpleReloadableResourceManager.java:134) [SimpleReloadableResourceManager.class:?]
	at net.minecraft.client.resources.SimpleReloadableResourceManager.reloadResources(SimpleReloadableResourceManager.java:118) [SimpleReloadableResourceManager.class:?]
	at net.minecraft.client.Minecraft.refreshResources(Minecraft.java:643) [Minecraft.class:?]
	at cpw.mods.fml.client.FMLClientHandler.finishMinecraftLoading(FMLClientHandler.java:303) [FMLClientHandler.class:?]
	at net.minecraft.client.Minecraft.startGame(Minecraft.java:586) [Minecraft.class:?]
	at net.minecraft.client.Minecraft.run(Minecraft.java:931) [Minecraft.class:?]
	at net.minecraft.client.main.Main.main(Main.java:164) [Main.class:?]
	at sun.reflect.NativeMethodAccessorImpl.invoke0(Native Method) ~[?:1.8.0_11]
	at sun.reflect.NativeMethodAccessorImpl.invoke(NativeMethodAccessorImpl.java:62) ~[?:1.8.0_11]
	at sun.reflect.DelegatingMethodAccessorImpl.invoke(DelegatingMethodAccessorImpl.java:43) ~[?:1.8.0_11]
	at java.lang.reflect.Method.invoke(Method.java:483) ~[?:1.8.0_11]
	at net.minecraft.launchwrapper.Launch.launch(Launch.java:135) [launchwrapper-1.11.jar:?]
	at net.minecraft.launchwrapper.Launch.main(Launch.java:28) [launchwrapper-1.11.jar:?]
	at sun.reflect.NativeMethodAccessorImpl.invoke0(Native Method) ~[?:1.8.0_11]
	at sun.reflect.NativeMethodAccessorImpl.invoke(NativeMethodAccessorImpl.java:62) ~[?:1.8.0_11]
	at sun.reflect.DelegatingMethodAccessorImpl.invoke(DelegatingMethodAccessorImpl.java:43) ~[?:1.8.0_11]
	at java.lang.reflect.Method.invoke(Method.java:483) ~[?:1.8.0_11]
	at GradleStart.bounce(GradleStart.java:107) [start/:?]
	at GradleStart.startClient(GradleStart.java:100) [start/:?]
	at GradleStart.main(GradleStart.java:55) [start/:?]
	at sun.reflect.NativeMethodAccessorImpl.invoke0(Native Method) ~[?:1.8.0_11]
	at sun.reflect.NativeMethodAccessorImpl.invoke(NativeMethodAccessorImpl.java:62) ~[?:1.8.0_11]
	at sun.reflect.DelegatingMethodAccessorImpl.invoke(DelegatingMethodAccessorImpl.java:43) ~[?:1.8.0_11]
	at java.lang.reflect.Method.invoke(Method.java:483) ~[?:1.8.0_11]
	at com.intellij.rt.execution.application.AppMain.main(AppMain.java:134) [idea_rt.jar:?]
[22:42:24] [Client thread/ERROR]: Using missing texture, unable to load minehr:textures/blocks/LogRubberTop.png
java.io.FileNotFoundException: minehr:textures/blocks/LogRubberTop.png
	at net.minecraft.client.resources.FallbackResourceManager.getResource(FallbackResourceManager.java:65) ~[FallbackResourceManager.class:?]
	at net.minecraft.client.resources.SimpleReloadableResourceManager.getResource(SimpleReloadableResourceManager.java:67) ~[SimpleReloadableResourceManager.class:?]
	at net.minecraft.client.renderer.texture.TextureMap.loadTextureAtlas(TextureMap.java:126) [TextureMap.class:?]
	at net.minecraft.client.renderer.texture.TextureMap.loadTexture(TextureMap.java:91) [TextureMap.class:?]
	at net.minecraft.client.renderer.texture.TextureManager.loadTexture(TextureManager.java:89) [TextureManager.class:?]
	at net.minecraft.client.renderer.texture.TextureManager.onResourceManagerReload(TextureManager.java:170) [TextureManager.class:?]
	at net.minecraft.client.resources.SimpleReloadableResourceManager.notifyReloadListeners(SimpleReloadableResourceManager.java:134) [SimpleReloadableResourceManager.class:?]
	at net.minecraft.client.resources.SimpleReloadableResourceManager.reloadResources(SimpleReloadableResourceManager.java:118) [SimpleReloadableResourceManager.class:?]
	at net.minecraft.client.Minecraft.refreshResources(Minecraft.java:643) [Minecraft.class:?]
	at cpw.mods.fml.client.FMLClientHandler.finishMinecraftLoading(FMLClientHandler.java:303) [FMLClientHandler.class:?]
	at net.minecraft.client.Minecraft.startGame(Minecraft.java:586) [Minecraft.class:?]
	at net.minecraft.client.Minecraft.run(Minecraft.java:931) [Minecraft.class:?]
	at net.minecraft.client.main.Main.main(Main.java:164) [Main.class:?]
	at sun.reflect.NativeMethodAccessorImpl.invoke0(Native Method) ~[?:1.8.0_11]
	at sun.reflect.NativeMethodAccessorImpl.invoke(NativeMethodAccessorImpl.java:62) ~[?:1.8.0_11]
	at sun.reflect.DelegatingMethodAccessorImpl.invoke(DelegatingMethodAccessorImpl.java:43) ~[?:1.8.0_11]
	at java.lang.reflect.Method.invoke(Method.java:483) ~[?:1.8.0_11]
	at net.minecraft.launchwrapper.Launch.launch(Launch.java:135) [launchwrapper-1.11.jar:?]
	at net.minecraft.launchwrapper.Launch.main(Launch.java:28) [launchwrapper-1.11.jar:?]
	at sun.reflect.NativeMethodAccessorImpl.invoke0(Native Method) ~[?:1.8.0_11]
	at sun.reflect.NativeMethodAccessorImpl.invoke(NativeMethodAccessorImpl.java:62) ~[?:1.8.0_11]
	at sun.reflect.DelegatingMethodAccessorImpl.invoke(DelegatingMethodAccessorImpl.java:43) ~[?:1.8.0_11]
	at java.lang.reflect.Method.invoke(Method.java:483) ~[?:1.8.0_11]
	at GradleStart.bounce(GradleStart.java:107) [start/:?]
	at GradleStart.startClient(GradleStart.java:100) [start/:?]
	at GradleStart.main(GradleStart.java:55) [start/:?]
	at sun.reflect.NativeMethodAccessorImpl.invoke0(Native Method) ~[?:1.8.0_11]
	at sun.reflect.NativeMethodAccessorImpl.invoke(NativeMethodAccessorImpl.java:62) ~[?:1.8.0_11]
	at sun.reflect.DelegatingMethodAccessorImpl.invoke(DelegatingMethodAccessorImpl.java:43) ~[?:1.8.0_11]
	at java.lang.reflect.Method.invoke(Method.java:483) ~[?:1.8.0_11]
	at com.intellij.rt.execution.application.AppMain.main(AppMain.java:134) [idea_rt.jar:?]
[22:42:24] [Client thread/ERROR]: Using missing texture, unable to load minehr:textures/blocks/LeafRubber.png
java.io.FileNotFoundException: minehr:textures/blocks/LeafRubber.png
	at net.minecraft.client.resources.FallbackResourceManager.getResource(FallbackResourceManager.java:65) ~[FallbackResourceManager.class:?]
	at net.minecraft.client.resources.SimpleReloadableResourceManager.getResource(SimpleReloadableResourceManager.java:67) ~[SimpleReloadableResourceManager.class:?]
	at net.minecraft.client.renderer.texture.TextureMap.loadTextureAtlas(TextureMap.java:126) [TextureMap.class:?]
	at net.minecraft.client.renderer.texture.TextureMap.loadTexture(TextureMap.java:91) [TextureMap.class:?]
	at net.minecraft.client.renderer.texture.TextureManager.loadTexture(TextureManager.java:89) [TextureManager.class:?]
	at net.minecraft.client.renderer.texture.TextureManager.onResourceManagerReload(TextureManager.java:170) [TextureManager.class:?]
	at net.minecraft.client.resources.SimpleReloadableResourceManager.notifyReloadListeners(SimpleReloadableResourceManager.java:134) [SimpleReloadableResourceManager.class:?]
	at net.minecraft.client.resources.SimpleReloadableResourceManager.reloadResources(SimpleReloadableResourceManager.java:118) [SimpleReloadableResourceManager.class:?]
	at net.minecraft.client.Minecraft.refreshResources(Minecraft.java:643) [Minecraft.class:?]
	at cpw.mods.fml.client.FMLClientHandler.finishMinecraftLoading(FMLClientHandler.java:303) [FMLClientHandler.class:?]
	at net.minecraft.client.Minecraft.startGame(Minecraft.java:586) [Minecraft.class:?]
	at net.minecraft.client.Minecraft.run(Minecraft.java:931) [Minecraft.class:?]
	at net.minecraft.client.main.Main.main(Main.java:164) [Main.class:?]
	at sun.reflect.NativeMethodAccessorImpl.invoke0(Native Method) ~[?:1.8.0_11]
	at sun.reflect.NativeMethodAccessorImpl.invoke(NativeMethodAccessorImpl.java:62) ~[?:1.8.0_11]
	at sun.reflect.DelegatingMethodAccessorImpl.invoke(DelegatingMethodAccessorImpl.java:43) ~[?:1.8.0_11]
	at java.lang.reflect.Method.invoke(Method.java:483) ~[?:1.8.0_11]
	at net.minecraft.launchwrapper.Launch.launch(Launch.java:135) [launchwrapper-1.11.jar:?]
	at net.minecraft.launchwrapper.Launch.main(Launch.java:28) [launchwrapper-1.11.jar:?]
	at sun.reflect.NativeMethodAccessorImpl.invoke0(Native Method) ~[?:1.8.0_11]
	at sun.reflect.NativeMethodAccessorImpl.invoke(NativeMethodAccessorImpl.java:62) ~[?:1.8.0_11]
	at sun.reflect.DelegatingMethodAccessorImpl.invoke(DelegatingMethodAccessorImpl.java:43) ~[?:1.8.0_11]
	at java.lang.reflect.Method.invoke(Method.java:483) ~[?:1.8.0_11]
	at GradleStart.bounce(GradleStart.java:107) [start/:?]
	at GradleStart.startClient(GradleStart.java:100) [start/:?]
	at GradleStart.main(GradleStart.java:55) [start/:?]
	at sun.reflect.NativeMethodAccessorImpl.invoke0(Native Method) ~[?:1.8.0_11]
	at sun.reflect.NativeMethodAccessorImpl.invoke(NativeMethodAccessorImpl.java:62) ~[?:1.8.0_11]
	at sun.reflect.DelegatingMethodAccessorImpl.invoke(DelegatingMethodAccessorImpl.java:43) ~[?:1.8.0_11]
	at java.lang.reflect.Method.invoke(Method.java:483) ~[?:1.8.0_11]
	at com.intellij.rt.execution.application.AppMain.main(AppMain.java:134) [idea_rt.jar:?]
[22:42:24] [Client thread/ERROR]: Using missing texture, unable to load minecraft:textures/blocks/MISSING_ICON_BLOCK_206_OilLampOff.png
java.io.FileNotFoundException: minecraft:textures/blocks/MISSING_ICON_BLOCK_206_OilLampOff.png
	at net.minecraft.client.resources.FallbackResourceManager.getResource(FallbackResourceManager.java:65) ~[FallbackResourceManager.class:?]
	at net.minecraft.client.resources.SimpleReloadableResourceManager.getResource(SimpleReloadableResourceManager.java:67) ~[SimpleReloadableResourceManager.class:?]
	at net.minecraft.client.renderer.texture.TextureMap.loadTextureAtlas(TextureMap.java:126) [TextureMap.class:?]
	at net.minecraft.client.renderer.texture.TextureMap.loadTexture(TextureMap.java:91) [TextureMap.class:?]
	at net.minecraft.client.renderer.texture.TextureManager.loadTexture(TextureManager.java:89) [TextureManager.class:?]
	at net.minecraft.client.renderer.texture.TextureManager.onResourceManagerReload(TextureManager.java:170) [TextureManager.class:?]
	at net.minecraft.client.resources.SimpleReloadableResourceManager.notifyReloadListeners(SimpleReloadableResourceManager.java:134) [SimpleReloadableResourceManager.class:?]
	at net.minecraft.client.resources.SimpleReloadableResourceManager.reloadResources(SimpleReloadableResourceManager.java:118) [SimpleReloadableResourceManager.class:?]
	at net.minecraft.client.Minecraft.refreshResources(Minecraft.java:643) [Minecraft.class:?]
	at cpw.mods.fml.client.FMLClientHandler.finishMinecraftLoading(FMLClientHandler.java:303) [FMLClientHandler.class:?]
	at net.minecraft.client.Minecraft.startGame(Minecraft.java:586) [Minecraft.class:?]
	at net.minecraft.client.Minecraft.run(Minecraft.java:931) [Minecraft.class:?]
	at net.minecraft.client.main.Main.main(Main.java:164) [Main.class:?]
	at sun.reflect.NativeMethodAccessorImpl.invoke0(Native Method) ~[?:1.8.0_11]
	at sun.reflect.NativeMethodAccessorImpl.invoke(NativeMethodAccessorImpl.java:62) ~[?:1.8.0_11]
	at sun.reflect.DelegatingMethodAccessorImpl.invoke(DelegatingMethodAccessorImpl.java:43) ~[?:1.8.0_11]
	at java.lang.reflect.Method.invoke(Method.java:483) ~[?:1.8.0_11]
	at net.minecraft.launchwrapper.Launch.launch(Launch.java:135) [launchwrapper-1.11.jar:?]
	at net.minecraft.launchwrapper.Launch.main(Launch.java:28) [launchwrapper-1.11.jar:?]
	at sun.reflect.NativeMethodAccessorImpl.invoke0(Native Method) ~[?:1.8.0_11]
	at sun.reflect.NativeMethodAccessorImpl.invoke(NativeMethodAccessorImpl.java:62) ~[?:1.8.0_11]
	at sun.reflect.DelegatingMethodAccessorImpl.invoke(DelegatingMethodAccessorImpl.java:43) ~[?:1.8.0_11]
	at java.lang.reflect.Method.invoke(Method.java:483) ~[?:1.8.0_11]
	at GradleStart.bounce(GradleStart.java:107) [start/:?]
	at GradleStart.startClient(GradleStart.java:100) [start/:?]
	at GradleStart.main(GradleStart.java:55) [start/:?]
	at sun.reflect.NativeMethodAccessorImpl.invoke0(Native Method) ~[?:1.8.0_11]
	at sun.reflect.NativeMethodAccessorImpl.invoke(NativeMethodAccessorImpl.java:62) ~[?:1.8.0_11]
	at sun.reflect.DelegatingMethodAccessorImpl.invoke(DelegatingMethodAccessorImpl.java:43) ~[?:1.8.0_11]
	at java.lang.reflect.Method.invoke(Method.java:483) ~[?:1.8.0_11]
	at com.intellij.rt.execution.application.AppMain.main(AppMain.java:134) [idea_rt.jar:?]
[22:42:24] [Client thread/ERROR]: Using missing texture, unable to load minehr:textures/blocks/LeafRubberOpaque.png
java.io.FileNotFoundException: minehr:textures/blocks/LeafRubberOpaque.png
	at net.minecraft.client.resources.FallbackResourceManager.getResource(FallbackResourceManager.java:65) ~[FallbackResourceManager.class:?]
	at net.minecraft.client.resources.SimpleReloadableResourceManager.getResource(SimpleReloadableResourceManager.java:67) ~[SimpleReloadableResourceManager.class:?]
	at net.minecraft.client.renderer.texture.TextureMap.loadTextureAtlas(TextureMap.java:126) [TextureMap.class:?]
	at net.minecraft.client.renderer.texture.TextureMap.loadTexture(TextureMap.java:91) [TextureMap.class:?]
	at net.minecraft.client.renderer.texture.TextureManager.loadTexture(TextureManager.java:89) [TextureManager.class:?]
	at net.minecraft.client.renderer.texture.TextureManager.onResourceManagerReload(TextureManager.java:170) [TextureManager.class:?]
	at net.minecraft.client.resources.SimpleReloadableResourceManager.notifyReloadListeners(SimpleReloadableResourceManager.java:134) [SimpleReloadableResourceManager.class:?]
	at net.minecraft.client.resources.SimpleReloadableResourceManager.reloadResources(SimpleReloadableResourceManager.java:118) [SimpleReloadableResourceManager.class:?]
	at net.minecraft.client.Minecraft.refreshResources(Minecraft.java:643) [Minecraft.class:?]
	at cpw.mods.fml.client.FMLClientHandler.finishMinecraftLoading(FMLClientHandler.java:303) [FMLClientHandler.class:?]
	at net.minecraft.client.Minecraft.startGame(Minecraft.java:586) [Minecraft.class:?]
	at net.minecraft.client.Minecraft.run(Minecraft.java:931) [Minecraft.class:?]
	at net.minecraft.client.main.Main.main(Main.java:164) [Main.class:?]
	at sun.reflect.NativeMethodAccessorImpl.invoke0(Native Method) ~[?:1.8.0_11]
	at sun.reflect.NativeMethodAccessorImpl.invoke(NativeMethodAccessorImpl.java:62) ~[?:1.8.0_11]
	at sun.reflect.DelegatingMethodAccessorImpl.invoke(DelegatingMethodAccessorImpl.java:43) ~[?:1.8.0_11]
	at java.lang.reflect.Method.invoke(Method.java:483) ~[?:1.8.0_11]
	at net.minecraft.launchwrapper.Launch.launch(Launch.java:135) [launchwrapper-1.11.jar:?]
	at net.minecraft.launchwrapper.Launch.main(Launch.java:28) [launchwrapper-1.11.jar:?]
	at sun.reflect.NativeMethodAccessorImpl.invoke0(Native Method) ~[?:1.8.0_11]
	at sun.reflect.NativeMethodAccessorImpl.invoke(NativeMethodAccessorImpl.java:62) ~[?:1.8.0_11]
	at sun.reflect.DelegatingMethodAccessorImpl.invoke(DelegatingMethodAccessorImpl.java:43) ~[?:1.8.0_11]
	at java.lang.reflect.Method.invoke(Method.java:483) ~[?:1.8.0_11]
	at GradleStart.bounce(GradleStart.java:107) [start/:?]
	at GradleStart.startClient(GradleStart.java:100) [start/:?]
	at GradleStart.main(GradleStart.java:55) [start/:?]
	at sun.reflect.NativeMethodAccessorImpl.invoke0(Native Method) ~[?:1.8.0_11]
	at sun.reflect.NativeMethodAccessorImpl.invoke(NativeMethodAccessorImpl.java:62) ~[?:1.8.0_11]
	at sun.reflect.DelegatingMethodAccessorImpl.invoke(DelegatingMethodAccessorImpl.java:43) ~[?:1.8.0_11]
	at java.lang.reflect.Method.invoke(Method.java:483) ~[?:1.8.0_11]
	at com.intellij.rt.execution.application.AppMain.main(AppMain.java:134) [idea_rt.jar:?]
[22:42:24] [Client thread/ERROR]: Using missing texture, unable to load minehr:textures/blocks/LogRubber.png
java.io.FileNotFoundException: minehr:textures/blocks/LogRubber.png
	at net.minecraft.client.resources.FallbackResourceManager.getResource(FallbackResourceManager.java:65) ~[FallbackResourceManager.class:?]
	at net.minecraft.client.resources.SimpleReloadableResourceManager.getResource(SimpleReloadableResourceManager.java:67) ~[SimpleReloadableResourceManager.class:?]
	at net.minecraft.client.renderer.texture.TextureMap.loadTextureAtlas(TextureMap.java:126) [TextureMap.class:?]
	at net.minecraft.client.renderer.texture.TextureMap.loadTexture(TextureMap.java:91) [TextureMap.class:?]
	at net.minecraft.client.renderer.texture.TextureManager.loadTexture(TextureManager.java:89) [TextureManager.class:?]
	at net.minecraft.client.renderer.texture.TextureManager.onResourceManagerReload(TextureManager.java:170) [TextureManager.class:?]
	at net.minecraft.client.resources.SimpleReloadableResourceManager.notifyReloadListeners(SimpleReloadableResourceManager.java:134) [SimpleReloadableResourceManager.class:?]
	at net.minecraft.client.resources.SimpleReloadableResourceManager.reloadResources(SimpleReloadableResourceManager.java:118) [SimpleReloadableResourceManager.class:?]
	at net.minecraft.client.Minecraft.refreshResources(Minecraft.java:643) [Minecraft.class:?]
	at cpw.mods.fml.client.FMLClientHandler.finishMinecraftLoading(FMLClientHandler.java:303) [FMLClientHandler.class:?]
	at net.minecraft.client.Minecraft.startGame(Minecraft.java:586) [Minecraft.class:?]
	at net.minecraft.client.Minecraft.run(Minecraft.java:931) [Minecraft.class:?]
	at net.minecraft.client.main.Main.main(Main.java:164) [Main.class:?]
	at sun.reflect.NativeMethodAccessorImpl.invoke0(Native Method) ~[?:1.8.0_11]
	at sun.reflect.NativeMethodAccessorImpl.invoke(NativeMethodAccessorImpl.java:62) ~[?:1.8.0_11]
	at sun.reflect.DelegatingMethodAccessorImpl.invoke(DelegatingMethodAccessorImpl.java:43) ~[?:1.8.0_11]
	at java.lang.reflect.Method.invoke(Method.java:483) ~[?:1.8.0_11]
	at net.minecraft.launchwrapper.Launch.launch(Launch.java:135) [launchwrapper-1.11.jar:?]
	at net.minecraft.launchwrapper.Launch.main(Launch.java:28) [launchwrapper-1.11.jar:?]
	at sun.reflect.NativeMethodAccessorImpl.invoke0(Native Method) ~[?:1.8.0_11]
	at sun.reflect.NativeMethodAccessorImpl.invoke(NativeMethodAccessorImpl.java:62) ~[?:1.8.0_11]
	at sun.reflect.DelegatingMethodAccessorImpl.invoke(DelegatingMethodAccessorImpl.java:43) ~[?:1.8.0_11]
	at java.lang.reflect.Method.invoke(Method.java:483) ~[?:1.8.0_11]
	at GradleStart.bounce(GradleStart.java:107) [start/:?]
	at GradleStart.startClient(GradleStart.java:100) [start/:?]
	at GradleStart.main(GradleStart.java:55) [start/:?]
	at sun.reflect.NativeMethodAccessorImpl.invoke0(Native Method) ~[?:1.8.0_11]
	at sun.reflect.NativeMethodAccessorImpl.invoke(NativeMethodAccessorImpl.java:62) ~[?:1.8.0_11]
	at sun.reflect.DelegatingMethodAccessorImpl.invoke(DelegatingMethodAccessorImpl.java:43) ~[?:1.8.0_11]
	at java.lang.reflect.Method.invoke(Method.java:483) ~[?:1.8.0_11]
	at com.intellij.rt.execution.application.AppMain.main(AppMain.java:134) [idea_rt.jar:?]
[22:42:24] [Client thread/ERROR]: Using missing texture, unable to load minehr:textures/blocks/SaplingRubber.png
java.io.FileNotFoundException: minehr:textures/blocks/SaplingRubber.png
	at net.minecraft.client.resources.FallbackResourceManager.getResource(FallbackResourceManager.java:65) ~[FallbackResourceManager.class:?]
	at net.minecraft.client.resources.SimpleReloadableResourceManager.getResource(SimpleReloadableResourceManager.java:67) ~[SimpleReloadableResourceManager.class:?]
	at net.minecraft.client.renderer.texture.TextureMap.loadTextureAtlas(TextureMap.java:126) [TextureMap.class:?]
	at net.minecraft.client.renderer.texture.TextureMap.loadTexture(TextureMap.java:91) [TextureMap.class:?]
	at net.minecraft.client.renderer.texture.TextureManager.loadTexture(TextureManager.java:89) [TextureManager.class:?]
	at net.minecraft.client.renderer.texture.TextureManager.onResourceManagerReload(TextureManager.java:170) [TextureManager.class:?]
	at net.minecraft.client.resources.SimpleReloadableResourceManager.notifyReloadListeners(SimpleReloadableResourceManager.java:134) [SimpleReloadableResourceManager.class:?]
	at net.minecraft.client.resources.SimpleReloadableResourceManager.reloadResources(SimpleReloadableResourceManager.java:118) [SimpleReloadableResourceManager.class:?]
	at net.minecraft.client.Minecraft.refreshResources(Minecraft.java:643) [Minecraft.class:?]
	at cpw.mods.fml.client.FMLClientHandler.finishMinecraftLoading(FMLClientHandler.java:303) [FMLClientHandler.class:?]
	at net.minecraft.client.Minecraft.startGame(Minecraft.java:586) [Minecraft.class:?]
	at net.minecraft.client.Minecraft.run(Minecraft.java:931) [Minecraft.class:?]
	at net.minecraft.client.main.Main.main(Main.java:164) [Main.class:?]
	at sun.reflect.NativeMethodAccessorImpl.invoke0(Native Method) ~[?:1.8.0_11]
	at sun.reflect.NativeMethodAccessorImpl.invoke(NativeMethodAccessorImpl.java:62) ~[?:1.8.0_11]
	at sun.reflect.DelegatingMethodAccessorImpl.invoke(DelegatingMethodAccessorImpl.java:43) ~[?:1.8.0_11]
	at java.lang.reflect.Method.invoke(Method.java:483) ~[?:1.8.0_11]
	at net.minecraft.launchwrapper.Launch.launch(Launch.java:135) [launchwrapper-1.11.jar:?]
	at net.minecraft.launchwrapper.Launch.main(Launch.java:28) [launchwrapper-1.11.jar:?]
	at sun.reflect.NativeMethodAccessorImpl.invoke0(Native Method) ~[?:1.8.0_11]
	at sun.reflect.NativeMethodAccessorImpl.invoke(NativeMethodAccessorImpl.java:62) ~[?:1.8.0_11]
	at sun.reflect.DelegatingMethodAccessorImpl.invoke(DelegatingMethodAccessorImpl.java:43) ~[?:1.8.0_11]
	at java.lang.reflect.Method.invoke(Method.java:483) ~[?:1.8.0_11]
	at GradleStart.bounce(GradleStart.java:107) [start/:?]
	at GradleStart.startClient(GradleStart.java:100) [start/:?]
	at GradleStart.main(GradleStart.java:55) [start/:?]
	at sun.reflect.NativeMethodAccessorImpl.invoke0(Native Method) ~[?:1.8.0_11]
	at sun.reflect.NativeMethodAccessorImpl.invoke(NativeMethodAccessorImpl.java:62) ~[?:1.8.0_11]
	at sun.reflect.DelegatingMethodAccessorImpl.invoke(DelegatingMethodAccessorImpl.java:43) ~[?:1.8.0_11]
	at java.lang.reflect.Method.invoke(Method.java:483) ~[?:1.8.0_11]
	at com.intellij.rt.execution.application.AppMain.main(AppMain.java:134) [idea_rt.jar:?]
[22:42:24] [Client thread/INFO]: Created: 512x256 textures/blocks-atlas
[22:42:24] [Client thread/ERROR]: Unable to parse metadata from minehr:textures/items/LobsterMeal.png
java.lang.RuntimeException: broken aspect ratio and not an animation
	at net.minecraft.client.renderer.texture.TextureAtlasSprite.loadSprite(TextureAtlasSprite.java:245) ~[TextureAtlasSprite.class:?]
	at net.minecraft.client.renderer.texture.TextureMap.loadTextureAtlas(TextureMap.java:170) [TextureMap.class:?]
	at net.minecraft.client.renderer.texture.TextureMap.loadTexture(TextureMap.java:91) [TextureMap.class:?]
	at net.minecraft.client.renderer.texture.TextureManager.loadTexture(TextureManager.java:89) [TextureManager.class:?]
	at net.minecraft.client.renderer.texture.TextureManager.onResourceManagerReload(TextureManager.java:170) [TextureManager.class:?]
	at net.minecraft.client.resources.SimpleReloadableResourceManager.notifyReloadListeners(SimpleReloadableResourceManager.java:134) [SimpleReloadableResourceManager.class:?]
	at net.minecraft.client.resources.SimpleReloadableResourceManager.reloadResources(SimpleReloadableResourceManager.java:118) [SimpleReloadableResourceManager.class:?]
	at net.minecraft.client.Minecraft.refreshResources(Minecraft.java:643) [Minecraft.class:?]
	at cpw.mods.fml.client.FMLClientHandler.finishMinecraftLoading(FMLClientHandler.java:303) [FMLClientHandler.class:?]
	at net.minecraft.client.Minecraft.startGame(Minecraft.java:586) [Minecraft.class:?]
	at net.minecraft.client.Minecraft.run(Minecraft.java:931) [Minecraft.class:?]
	at net.minecraft.client.main.Main.main(Main.java:164) [Main.class:?]
	at sun.reflect.NativeMethodAccessorImpl.invoke0(Native Method) ~[?:1.8.0_11]
	at sun.reflect.NativeMethodAccessorImpl.invoke(NativeMethodAccessorImpl.java:62) ~[?:1.8.0_11]
	at sun.reflect.DelegatingMethodAccessorImpl.invoke(DelegatingMethodAccessorImpl.java:43) ~[?:1.8.0_11]
	at java.lang.reflect.Method.invoke(Method.java:483) ~[?:1.8.0_11]
	at net.minecraft.launchwrapper.Launch.launch(Launch.java:135) [launchwrapper-1.11.jar:?]
	at net.minecraft.launchwrapper.Launch.main(Launch.java:28) [launchwrapper-1.11.jar:?]
	at sun.reflect.NativeMethodAccessorImpl.invoke0(Native Method) ~[?:1.8.0_11]
	at sun.reflect.NativeMethodAccessorImpl.invoke(NativeMethodAccessorImpl.java:62) ~[?:1.8.0_11]
	at sun.reflect.DelegatingMethodAccessorImpl.invoke(DelegatingMethodAccessorImpl.java:43) ~[?:1.8.0_11]
	at java.lang.reflect.Method.invoke(Method.java:483) ~[?:1.8.0_11]
	at GradleStart.bounce(GradleStart.java:107) [start/:?]
	at GradleStart.startClient(GradleStart.java:100) [start/:?]
	at GradleStart.main(GradleStart.java:55) [start/:?]
	at sun.reflect.NativeMethodAccessorImpl.invoke0(Native Method) ~[?:1.8.0_11]
	at sun.reflect.NativeMethodAccessorImpl.invoke(NativeMethodAccessorImpl.java:62) ~[?:1.8.0_11]
	at sun.reflect.DelegatingMethodAccessorImpl.invoke(DelegatingMethodAccessorImpl.java:43) ~[?:1.8.0_11]
	at java.lang.reflect.Method.invoke(Method.java:483) ~[?:1.8.0_11]
	at com.intellij.rt.execution.application.AppMain.main(AppMain.java:134) [idea_rt.jar:?]
[22:42:24] [Client thread/INFO]: Created: 512x256 textures/items-atlas
[22:42:25] [Sound Library Loader/INFO]: Sound engine started
[22:42:36] [Client thread/INFO]: Stopping!
